\BOOKMARK [1][-]{section.1}{\376\377\000A\000r\000c\000h\000i\000t\000e\000c\000t\000u\000r\000e\000\040\000g\000\351\000n\000\351\000r\000a\000l\000e}{}% 1
\BOOKMARK [1][-]{section.2}{\376\377\000F\000o\000n\000c\000t\000i\000o\000n\000\040\000\137\000m\000a\000k\000e\000\137\000s\000p\000o\000r\000t\000s\000\137\000c\000o\000n\000f\000i\000g\000\050\000\051}{}% 2
\BOOKMARK [1][-]{section.3}{\376\377\000F\000o\000n\000c\000t\000i\000o\000n\000s\000\040\000u\000t\000i\000l\000i\000t\000a\000i\000r\000e\000s\000\040\000d\000'\000a\000f\000f\000i\000c\000h\000a\000g\000e}{}% 3
\BOOKMARK [2][-]{subsection.3.1}{\376\377\000\137\000t\000i\000t\000r\000e\000\050\000t\000e\000x\000t\000e\000\051}{section.3}% 4
\BOOKMARK [2][-]{subsection.3.2}{\376\377\000\137\000o\000p\000t\000i\000o\000n\000\050\000n\000u\000m\000,\000\040\000t\000e\000x\000t\000e\000\051}{section.3}% 5
\BOOKMARK [2][-]{subsection.3.3}{\376\377\000\137\000n\000a\000v\000\050\000p\000e\000u\000t\000\137\000r\000e\000c\000u\000l\000e\000r\000,\000\040\000p\000e\000u\000t\000\137\000a\000v\000a\000n\000c\000e\000r\000\051}{section.3}% 6
\BOOKMARK [2][-]{subsection.3.4}{\376\377\000\137\000l\000i\000r\000e\000\050\000p\000r\000o\000m\000p\000t\000\051}{section.3}% 7
\BOOKMARK [2][-]{subsection.3.5}{\376\377\000\137\000a\000f\000f\000i\000c\000h\000e\000r\000\137\000r\000e\000s\000u\000l\000t\000a\000t\000\050\000r\000e\000s\000u\000l\000t\000\051}{section.3}% 8
\BOOKMARK [2][-]{subsection.3.6}{\376\377\000\137\000e\000x\000t\000r\000a\000c\000t\000\137\000y\000e\000a\000r\000\050\000v\000a\000l\000\051}{section.3}% 9
\BOOKMARK [1][-]{section.4}{\376\377\000C\000l\000a\000s\000s\000e\000\040\000C\000L\000I}{}% 10
\BOOKMARK [2][-]{subsection.4.1}{\376\377\000M\000\351\000t\000h\000o\000d\000e\000\040\000\137\000\137\000i\000n\000i\000t\000\137\000\137\000\050\000\051}{section.4}% 11
\BOOKMARK [2][-]{subsection.4.2}{\376\377\000M\000\351\000t\000h\000o\000d\000e\000\040\000r\000u\000n\000\050\000\051}{section.4}% 12
\BOOKMARK [2][-]{subsection.4.3}{\376\377\000M\000\351\000t\000h\000o\000d\000e\000\040\000\137\000s\000p\000o\000r\000t\000s\000\137\000v\000i\000s\000i\000b\000l\000e\000s\000\050\000\051}{section.4}% 13
\BOOKMARK [2][-]{subsection.4.4}{\376\377\000M\000\351\000t\000h\000o\000d\000e\000\040\000\137\000f\000i\000l\000t\000r\000e\000s\000\137\000s\000t\000r\000\050\000\051}{section.4}% 14
\BOOKMARK [1][-]{section.5}{\376\377\000P\000a\000g\000e\000s\000\040\000d\000e\000\040\000n\000a\000v\000i\000g\000a\000t\000i\000o\000n\000\040\000d\000e\000\040\000l\000a\000\040\000c\000l\000a\000s\000s\000e\000\040\000C\000L\000I}{}% 15
\BOOKMARK [2][-]{subsection.5.1}{\376\377\000M\000\351\000t\000h\000o\000d\000e\000\040\000\137\000p\000a\000g\000e\000\137\000a\000c\000c\000u\000e\000i\000l\000\050\000\051}{section.5}% 16
\BOOKMARK [2][-]{subsection.5.2}{\376\377\000M\000\351\000t\000h\000o\000d\000e\000\040\000\137\000p\000a\000g\000e\000\137\000f\000i\000l\000t\000r\000e\000s\000\050\000\051}{section.5}% 17
\BOOKMARK [1][-]{section.6}{\376\377\000F\000a\000c\000t\000o\000r\000i\000e\000s\000\040\000d\000e\000\040\000p\000a\000g\000e\000s\000\040\000d\000e\000\040\000l\000a\000\040\000c\000l\000a\000s\000s\000e\000\040\000C\000L\000I}{}% 18
\BOOKMARK [2][-]{subsection.6.1}{\376\377\000M\000\351\000t\000h\000o\000d\000e\000\040\000\137\000m\000a\000k\000e\000\137\000p\000a\000g\000e\000\137\000s\000p\000o\000r\000t\000\050\000s\000p\000o\000r\000t\000\051}{section.6}% 19
\BOOKMARK [2][-]{subsection.6.2}{\376\377\000M\000\351\000t\000h\000o\000d\000e\000\040\000\137\000m\000a\000k\000e\000\137\000p\000a\000g\000e\000\137\000g\000e\000n\000r\000e\000\050\000t\000i\000t\000r\000e\000,\000\040\000c\000o\000n\000f\000i\000g\000\051}{section.6}% 20
\BOOKMARK [2][-]{subsection.6.3}{\376\377\000M\000\351\000t\000h\000o\000d\000e\000\040\000\137\000m\000a\000k\000e\000\137\000p\000a\000g\000e\000\137\000c\000a\000t\000\050\000t\000i\000t\000r\000e\000,\000\040\000s\000t\000a\000t\000s\000\137\000e\000q\000u\000i\000p\000e\000,\000\040\000s\000t\000a\000t\000s\000\137\000j\000o\000u\000e\000u\000r\000s\000\051}{section.6}% 21
\BOOKMARK [2][-]{subsection.6.4}{\376\377\000M\000\351\000t\000h\000o\000d\000e\000\040\000\137\000m\000a\000k\000e\000\137\000p\000a\000g\000e\000\137\000s\000t\000a\000t\000s\000\050\000t\000i\000t\000r\000e\000,\000\040\000s\000t\000a\000t\000s\000\051}{section.6}% 22
\BOOKMARK [2][-]{subsection.6.5}{\376\377\000M\000\351\000t\000h\000o\000d\000e\000\040\000\137\000m\000a\000k\000e\000\137\000p\000a\000g\000e\000\137\000s\000t\000a\000t\000\050\000s\000t\000a\000t\000\051}{section.6}% 23
\BOOKMARK [2][-]{subsection.6.6}{\376\377\000M\000\351\000t\000h\000o\000d\000e\000\040\000\137\000m\000a\000k\000e\000\137\000p\000a\000g\000e\000\137\000s\000e\000l\000e\000c\000t\000o\000r\000\137\000p\000a\000g\000e\000d\000\050\000s\000e\000l\000,\000\040\000s\000t\000a\000t\000\051}{section.6}% 24
\BOOKMARK [2][-]{subsection.6.7}{\376\377\000M\000\351\000t\000h\000o\000d\000e\000\040\000\137\000m\000a\000k\000e\000\137\000p\000a\000g\000e\000\137\000f\000i\000l\000t\000e\000r\000\050\000s\000t\000a\000t\000e\000,\000\040\000f\000i\000l\000t\000e\000r\000s\000\137\000c\000f\000g\000,\000\040\000d\000f\000\051}{section.6}% 25
\BOOKMARK [2][-]{subsection.6.8}{\376\377\000M\000\351\000t\000h\000o\000d\000e\000\040\000\137\000m\000a\000k\000e\000\137\000p\000a\000g\000e\000\137\000f\000i\000l\000t\000e\000r\000\137\000c\000a\000t\000e\000g\000o\000r\000y\000\050\000s\000t\000a\000t\000e\000,\000\040\000f\000c\000o\000n\000f\000,\000\040\000d\000f\000\051}{section.6}% 26
\BOOKMARK [1][-]{section.7}{\376\377\000M\000\351\000t\000h\000o\000d\000e\000s\000\040\000d\000e\000\040\000f\000i\000n\000\040\000d\000e\000\040\000p\000a\000r\000c\000o\000u\000r\000s\000\040\000d\000e\000\040\000l\000a\000\040\000c\000l\000a\000s\000s\000e\000\040\000C\000L\000I}{}% 27
\BOOKMARK [2][-]{subsection.7.1}{\376\377\000M\000\351\000t\000h\000o\000d\000e\000\040\000\137\000a\000t\000t\000e\000n\000d\000r\000e\000\137\000a\000p\000r\000e\000s\000\137\000r\000e\000s\000u\000l\000t\000a\000t\000\050\000r\000e\000s\000u\000l\000t\000,\000\040\000s\000t\000a\000t\000\137\000l\000a\000b\000e\000l\000\051}{section.7}% 28
\BOOKMARK [2][-]{subsection.7.2}{\376\377\000M\000\351\000t\000h\000o\000d\000e\000\040\000\137\000e\000x\000p\000o\000r\000t\000e\000r\000\137\000c\000s\000v\000\050\000d\000f\000,\000\040\000s\000t\000a\000t\000\137\000l\000a\000b\000e\000l\000\051}{section.7}% 29
\BOOKMARK [1][-]{section.8}{\376\377\000F\000o\000n\000c\000t\000i\000o\000n\000\040\000m\000a\000i\000n\000\050\000\051}{}% 30
\BOOKMARK [1][-]{section.9}{\376\377\000S\000y\000n\000t\000h\000\350\000s\000e\000\040\000d\000u\000\040\000f\000l\000u\000x\000\040\000d\000e\000\040\000n\000a\000v\000i\000g\000a\000t\000i\000o\000n}{}% 31
