\BOOKMARK [1][-]{section.1}{\376\377\000A\000r\000c\000h\000i\000t\000e\000c\000t\000u\000r\000e\000\040\000g\000\351\000n\000\351\000r\000a\000l\000e}{}% 1
\BOOKMARK [1][-]{section.2}{\376\377\000g\000\351\000n\000\351\000r\000i\000q\000u\000e\000.\000p\000y\000\040\040\024\000\040\000L\000e\000\040\000m\000o\000t\000e\000u\000r\000\040\000c\000o\000m\000m\000u\000n}{}% 2
\BOOKMARK [2][-]{subsection.2.1}{\376\377\000C\000l\000a\000s\000s\000e\000\040\000R\000e\000s\000u\000l\000t\000a\000t\000M\000a\000t\000c\000h}{section.2}% 3
\BOOKMARK [3][-]{subsubsection.2.1.1}{\376\377\000C\000o\000n\000s\000t\000r\000u\000c\000t\000e\000u\000r\000\040\000\137\000\137\000i\000n\000i\000t\000\137\000\137\000\050\000e\000q\000u\000i\000p\000e\0001\000,\000\040\000e\000q\000u\000i\000p\000e\0002\000,\000\040\000s\000c\000o\000r\000e\0001\000,\000\040\000s\000c\000o\000r\000e\0002\000\051}{subsection.2.1}% 4
\BOOKMARK [3][-]{subsubsection.2.1.2}{\376\377\000M\000\351\000t\000h\000o\000d\000e\000\040\000l\000a\000b\000e\000l\000\137\000e\000q\000u\000i\000p\000e\000\050\000e\000q\000u\000i\000p\000e\000\051}{subsection.2.1}% 5
\BOOKMARK [2][-]{subsection.2.2}{\376\377\000f\000o\000r\000m\000a\000t\000e\000r\000\137\000r\000o\000s\000t\000e\000r\000\050\000d\000f\000\137\000j\000o\000u\000e\000u\000r\000s\000,\000\040\000c\000o\000l\000\137\000n\000o\000m\000,\000\040\000.\000.\000.\000\051}{section.2}% 6
\BOOKMARK [2][-]{subsection.2.3}{\376\377\000\137\000a\000g\000r\000e\000g\000e\000r\000\137\000d\000e\000u\000x\000\137\000m\000a\000n\000c\000h\000e\000s\000\050\000d\000f\000,\000\040\000.\000.\000.\000\051}{section.2}% 7
\BOOKMARK [2][-]{subsection.2.4}{\376\377\000a\000f\000f\000i\000c\000h\000e\000r\000\137\000b\000r\000a\000c\000k\000e\000t\000\050\000d\000f\000,\000\040\000c\000o\000l\000\137\000e\000q\000u\000i\000p\000e\0001\000,\000\040\000c\000o\000l\000\137\000e\000q\000u\000i\000p\000e\0002\000,\000\040\000.\000.\000.\000\051}{section.2}% 8
\BOOKMARK [2][-]{subsection.2.5}{\376\377\000\137\000c\000a\000l\000c\000u\000l\000e\000r\000\137\000c\000l\000a\000s\000s\000e\000m\000e\000n\000t\000\050\000d\000f\000,\000\040\000.\000.\000.\000\051}{section.2}% 9
\BOOKMARK [2][-]{subsection.2.6}{\376\377\000\137\000a\000f\000f\000i\000c\000h\000e\000r\000\137\000t\000a\000b\000l\000e\000\137\000c\000l\000a\000s\000s\000e\000m\000e\000n\000t\000\050\000d\000f\000,\000\040\000t\000o\000p\000\137\000q\000u\000a\000l\000i\000f\000i\000e\000s\000,\000\040\000t\000i\000t\000r\000e\000\051}{section.2}% 10
\BOOKMARK [2][-]{subsection.2.7}{\376\377\000a\000f\000f\000i\000c\000h\000e\000r\000\137\000c\000l\000a\000s\000s\000e\000m\000e\000n\000t\000\050\000d\000f\000,\000\040\000c\000o\000l\000\137\000e\000q\000u\000i\000p\000e\0001\000,\000\040\000c\000o\000l\000\137\000e\000q\000u\000i\000p\000e\0002\000,\000\040\000.\000.\000.\000\051}{section.2}% 11
\BOOKMARK [2][-]{subsection.2.8}{\376\377\000f\000i\000c\000h\000e\000\137\000j\000o\000u\000e\000u\000r\000\050\000d\000f\000\137\000j\000o\000u\000e\000u\000r\000s\000,\000\040\000c\000o\000l\000\137\000n\000o\000m\000,\000\040\000n\000o\000m\000\137\000j\000o\000u\000e\000u\000r\000,\000\040\000.\000.\000.\000\051}{section.2}% 12
\BOOKMARK [2][-]{subsection.2.9}{\376\377\000l\000i\000s\000t\000e\000r\000\137\000j\000o\000u\000e\000u\000r\000s\000\050\000d\000f\000\137\000j\000o\000u\000e\000u\000r\000s\000,\000\040\000c\000o\000l\000\137\000n\000o\000m\000,\000\040\000.\000.\000.\000\051}{section.2}% 13
\BOOKMARK [2][-]{subsection.2.10}{\376\377\000a\000g\000e\000n\000d\000a\000\137\000r\000e\000c\000e\000n\000t\000s\000\050\000s\000o\000u\000r\000c\000e\000s\000,\000\040\000n\000=\0001\0000\000\051}{section.2}% 14
\BOOKMARK [1][-]{section.3}{\376\377\000b\000a\000d\000m\000i\000n\000t\000o\000n\000.\000p\000y}{}% 15
\BOOKMARK [2][-]{subsection.3.1}{\376\377\000\137\000l\000o\000a\000d\000\050\000\051}{section.3}% 16
\BOOKMARK [2][-]{subsection.3.2}{\376\377\000\137\000c\000o\000m\000p\000t\000e\000r\000\137\000j\000e\000u\000x\000\050\000r\000o\000w\000\051}{section.3}% 17
\BOOKMARK [2][-]{subsection.3.3}{\376\377\000f\000i\000c\000h\000e\000\137\000j\000o\000u\000e\000u\000r\000\137\000b\000a\000d\000m\000i\000n\000t\000o\000n\000\050\000n\000o\000m\000\051}{section.3}% 18
\BOOKMARK [2][-]{subsection.3.4}{\376\377\000b\000i\000l\000a\000n\000\137\000j\000o\000u\000e\000u\000r\000\137\000b\000a\000d\000m\000i\000n\000t\000o\000n\000\050\000n\000o\000m\000\051}{section.3}% 19
\BOOKMARK [2][-]{subsection.3.5}{\376\377\000b\000r\000a\000c\000k\000e\000t\000\050\000t\000o\000u\000r\000n\000a\000m\000e\000n\000t\000\137\000n\000a\000m\000e\000\051}{section.3}% 20
\BOOKMARK [2][-]{subsection.3.6}{\376\377\000g\000e\000t\000\137\000a\000g\000e\000n\000d\000a\000\137\000d\000a\000t\000a\000\050\000\051}{section.3}% 21
\BOOKMARK [1][-]{section.4}{\376\377\000b\000a\000s\000k\000e\000t\000b\000a\000l\000l\000.\000p\000y}{}% 22
\BOOKMARK [2][-]{subsection.4.1}{\376\377\000\137\000l\000o\000a\000d\000\050\000\051}{section.4}% 23
\BOOKMARK [2][-]{subsection.4.2}{\376\377\000t\000o\000p\000\137\000e\000q\000u\000i\000p\000e\000s\000\137\000o\000f\000f\000e\000n\000s\000i\000v\000e\000s\000\050\000n\000=\0001\0000\000\051}{section.4}% 24
\BOOKMARK [2][-]{subsection.4.3}{\376\377\000s\000t\000a\000t\000s\000\137\000e\000q\000u\000i\000p\000e\000\050\000t\000e\000a\000m\000\137\000n\000a\000m\000e\000\051}{section.4}% 25
\BOOKMARK [2][-]{subsection.4.4}{\376\377\000r\000o\000s\000t\000e\000r\000\137\000e\000q\000u\000i\000p\000e\000\050\000t\000e\000a\000m\000\137\000n\000a\000m\000e\000\051}{section.4}% 26
\BOOKMARK [2][-]{subsection.4.5}{\376\377\000c\000l\000a\000s\000s\000e\000m\000e\000n\000t\000\137\000d\000e\000f\000e\000n\000s\000i\000f\000\050\000n\000=\0001\0000\000\051}{section.4}% 27
\BOOKMARK [2][-]{subsection.4.6}{\376\377\000f\000i\000c\000h\000e\000\137\000j\000o\000u\000e\000u\000r\000\137\000b\000a\000s\000k\000e\000t\000b\000a\000l\000l\000\050\000n\000o\000m\000\051}{section.4}% 28
\BOOKMARK [2][-]{subsection.4.7}{\376\377\000l\000i\000s\000t\000e\000\137\000j\000o\000u\000e\000u\000r\000s\000\050\000e\000q\000u\000i\000p\000e\000=\000N\000o\000n\000e\000\051}{section.4}% 29
\BOOKMARK [2][-]{subsection.4.8}{\376\377\000g\000e\000t\000\137\000a\000g\000e\000n\000d\000a\000\137\000d\000a\000t\000a\000\050\000\051}{section.4}% 30
\BOOKMARK [2][-]{subsection.4.9}{\376\377\000c\000l\000a\000s\000s\000e\000m\000e\000n\000t\000\137\000p\000o\000i\000n\000t\000s\000\050\000s\000a\000i\000s\000o\000n\000=\000N\000o\000n\000e\000,\000\040\000t\000o\000p\000\137\000q\000u\000a\000l\000i\000f\000i\000e\000s\000=\000N\000o\000n\000e\000\051}{section.4}% 31
\BOOKMARK [1][-]{section.5}{\376\377\000c\000h\000e\000s\000s\000.\000p\000y}{}% 32
\BOOKMARK [2][-]{subsection.5.1}{\376\377\000\137\000l\000o\000a\000d\000\050\000\051}{section.5}% 33
\BOOKMARK [2][-]{subsection.5.2}{\376\377\000c\000l\000a\000s\000s\000e\000m\000e\000n\000t\000\137\000e\000l\000o\000\050\000m\000o\000d\000e\000=\000"\000s\000t\000a\000n\000d\000a\000r\000d\000"\000,\000\040\000n\000=\0002\0000\000\051}{section.5}% 34
\BOOKMARK [2][-]{subsection.5.3}{\376\377\000f\000i\000c\000h\000e\000\137\000j\000o\000u\000e\000u\000r\000\137\000c\000h\000e\000s\000s\000\050\000n\000o\000m\000\051}{section.5}% 35
\BOOKMARK [2][-]{subsection.5.4}{\376\377\000b\000i\000l\000a\000n\000\137\000j\000o\000u\000e\000u\000r\000\050\000p\000l\000a\000y\000e\000r\000\137\000n\000a\000m\000e\000\051}{section.5}% 36
\BOOKMARK [2][-]{subsection.5.5}{\376\377\000s\000t\000a\000t\000s\000\137\000p\000a\000r\000\137\000t\000i\000t\000r\000e\000\050\000\051}{section.5}% 37
\BOOKMARK [1][-]{section.6}{\376\377\000c\000s\0002\000.\000p\000y}{}% 38
\BOOKMARK [2][-]{subsection.6.1}{\376\377\000\137\000l\000o\000a\000d\000\050\000\051}{section.6}% 39
\BOOKMARK [2][-]{subsection.6.2}{\376\377\000c\000l\000a\000s\000s\000e\000m\000e\000n\000t\000\050\000\051}{section.6}% 40
\BOOKMARK [2][-]{subsection.6.3}{\376\377\000s\000t\000a\000t\000s\000\137\000e\000q\000u\000i\000p\000e\000\050\000t\000e\000a\000m\000\137\000n\000a\000m\000e\000\051}{section.6}% 41
\BOOKMARK [2][-]{subsection.6.4}{\376\377\000r\000o\000s\000t\000e\000r\000\137\000e\000q\000u\000i\000p\000e\000\050\000t\000e\000a\000m\000\137\000n\000a\000m\000e\000\051}{section.6}% 42
\BOOKMARK [2][-]{subsection.6.5}{\376\377\000f\000i\000c\000h\000e\000\137\000j\000o\000u\000e\000u\000r\000\137\000c\000s\0002\000\050\000n\000o\000m\000\051}{section.6}% 43
\BOOKMARK [2][-]{subsection.6.6}{\376\377\000l\000i\000s\000t\000e\000\137\000j\000o\000u\000e\000u\000r\000s\000\050\000e\000q\000u\000i\000p\000e\000=\000N\000o\000n\000e\000\051}{section.6}% 44
\BOOKMARK [2][-]{subsection.6.7}{\376\377\000g\000e\000t\000\137\000a\000g\000e\000n\000d\000a\000\137\000d\000a\000t\000a\000\050\000\051}{section.6}% 45
\BOOKMARK [2][-]{subsection.6.8}{\376\377\000b\000r\000a\000c\000k\000e\000t\000\050\000\051}{section.6}% 46
\BOOKMARK [2][-]{subsection.6.9}{\376\377\000c\000l\000a\000s\000s\000e\000m\000e\000n\000t\000\137\000s\000t\000a\000g\000e\000s\000\050\000t\000o\000p\000\137\000q\000u\000a\000l\000i\000f\000i\000e\000s\000=\000N\000o\000n\000e\000\051}{section.6}% 47
\BOOKMARK [1][-]{section.7}{\376\377\000f\000o\000o\000t\000b\000a\000l\000l\000\137\000c\000l\000.\000p\000y}{}% 48
\BOOKMARK [2][-]{subsection.7.1}{\376\377\000\137\000l\000o\000a\000d\000\050\000\051}{section.7}% 49
\BOOKMARK [2][-]{subsection.7.2}{\376\377\000m\000e\000i\000l\000l\000e\000u\000r\000s\000\137\000b\000u\000t\000e\000u\000r\000s\000\050\000n\000=\0001\0000\000\051}{section.7}% 50
\BOOKMARK [2][-]{subsection.7.3}{\376\377\000m\000e\000i\000l\000l\000e\000u\000r\000s\000\137\000p\000a\000s\000s\000e\000u\000r\000s\000\050\000n\000=\0001\0000\000\051}{section.7}% 51
\BOOKMARK [2][-]{subsection.7.4}{\376\377\000s\000t\000a\000t\000s\000\137\000e\000q\000u\000i\000p\000e\000\050\000t\000e\000a\000m\000\137\000n\000a\000m\000e\000\051}{section.7}% 52
\BOOKMARK [2][-]{subsection.7.5}{\376\377\000s\000t\000a\000t\000s\000\137\000j\000o\000u\000e\000u\000r\000\050\000p\000l\000a\000y\000e\000r\000\137\000n\000a\000m\000e\000\051}{section.7}% 53
\BOOKMARK [2][-]{subsection.7.6}{\376\377\000s\000t\000a\000t\000s\000\137\000g\000a\000r\000d\000i\000e\000n\000s\000\050\000n\000=\0001\0000\000\051}{section.7}% 54
\BOOKMARK [2][-]{subsection.7.7}{\376\377\000f\000i\000c\000h\000e\000\137\000j\000o\000u\000e\000u\000r\000\137\000f\000c\000l\000\050\000n\000o\000m\000\051}{section.7}% 55
\BOOKMARK [2][-]{subsection.7.8}{\376\377\000l\000i\000s\000t\000e\000\137\000j\000o\000u\000e\000u\000r\000s\000\050\000c\000l\000u\000b\000=\000N\000o\000n\000e\000\051}{section.7}% 56
\BOOKMARK [2][-]{subsection.7.9}{\376\377\000c\000l\000a\000s\000s\000e\000m\000e\000n\000t\000\137\000g\000r\000o\000u\000p\000e\000s\000\050\000t\000o\000p\000\137\000q\000u\000a\000l\000i\000f\000i\000e\000s\000=\0002\000\051}{section.7}% 57
\BOOKMARK [2][-]{subsection.7.10}{\376\377\000g\000e\000t\000\137\000a\000g\000e\000n\000d\000a\000\137\000d\000a\000t\000a\000\050\000\051}{section.7}% 58
\BOOKMARK [2][-]{subsection.7.11}{\376\377\000b\000r\000a\000c\000k\000e\000t\000\050\000\051}{section.7}% 59
\BOOKMARK [1][-]{section.8}{\376\377\000l\000o\000l\000.\000p\000y}{}% 60
\BOOKMARK [2][-]{subsection.8.1}{\376\377\000\137\000l\000o\000a\000d\000\050\000\051}{section.8}% 61
\BOOKMARK [2][-]{subsection.8.2}{\376\377\000s\000t\000a\000t\000s\000\137\000e\000q\000u\000i\000p\000e\000\050\000t\000e\000a\000m\000\137\000n\000a\000m\000e\000\051}{section.8}% 62
\BOOKMARK [2][-]{subsection.8.3}{\376\377\000c\000h\000a\000m\000p\000i\000o\000n\000s\000\137\000p\000i\000c\000k\000s\000\137\000b\000a\000n\000s\000\050\000n\000=\0001\0000\000\051}{section.8}% 63
\BOOKMARK [2][-]{subsection.8.4}{\376\377\000r\000o\000s\000t\000e\000r\000\137\000e\000q\000u\000i\000p\000e\000\050\000t\000e\000a\000m\000\137\000n\000a\000m\000e\000\051}{section.8}% 64
\BOOKMARK [2][-]{subsection.8.5}{\376\377\000f\000i\000c\000h\000e\000\137\000j\000o\000u\000e\000u\000r\000\137\000l\000o\000l\000\050\000n\000o\000m\000\051}{section.8}% 65
\BOOKMARK [2][-]{subsection.8.6}{\376\377\000l\000i\000s\000t\000e\000\137\000j\000o\000u\000e\000u\000r\000s\000\050\000e\000q\000u\000i\000p\000e\000=\000N\000o\000n\000e\000\051}{section.8}% 66
\BOOKMARK [2][-]{subsection.8.7}{\376\377\000g\000e\000t\000\137\000a\000g\000e\000n\000d\000a\000\137\000d\000a\000t\000a\000\050\000\051}{section.8}% 67
\BOOKMARK [2][-]{subsection.8.8}{\376\377\000c\000l\000a\000s\000s\000e\000m\000e\000n\000t\000\137\000p\000o\000i\000n\000t\000s\000\050\000t\000o\000p\000\137\000q\000u\000a\000l\000i\000f\000i\000e\000s\000=\000N\000o\000n\000e\000\051}{section.8}% 68
\BOOKMARK [1][-]{section.9}{\376\377\000s\000t\000a\000r\000c\000r\000a\000f\000t\0002\000.\000p\000y}{}% 69
\BOOKMARK [2][-]{subsection.9.1}{\376\377\000\137\000l\000o\000a\000d\000\050\000\051}{section.9}% 70
\BOOKMARK [2][-]{subsection.9.2}{\376\377\000f\000i\000c\000h\000e\000\137\000j\000o\000u\000e\000u\000r\000\137\000s\000c\0002\000\050\000n\000o\000m\000\051}{section.9}% 71
\BOOKMARK [2][-]{subsection.9.3}{\376\377\000b\000i\000l\000a\000n\000\137\000j\000o\000u\000e\000u\000r\000\137\000s\000c\0002\000\050\000n\000o\000m\000\051}{section.9}% 72
\BOOKMARK [2][-]{subsection.9.4}{\376\377\000g\000e\000t\000\137\000a\000g\000e\000n\000d\000a\000\137\000d\000a\000t\000a\000\050\000\051}{section.9}% 73
\BOOKMARK [1][-]{section.10}{\376\377\000t\000e\000n\000n\000i\000s\000.\000p\000y}{}% 74
\BOOKMARK [2][-]{subsection.10.1}{\376\377\000\137\000l\000o\000a\000d\000\050\000\051}{section.10}% 75
\BOOKMARK [2][-]{subsection.10.2}{\376\377\000\137\000m\000a\000t\000c\000h\000e\000s\000\050\000c\000i\000r\000c\000u\000i\000t\000\051\000\040\000/\000\040\000\137\000p\000l\000a\000y\000e\000r\000s\000\050\000c\000i\000r\000c\000u\000i\000t\000\051}{section.10}% 76
\BOOKMARK [2][-]{subsection.10.3}{\376\377\000c\000l\000a\000s\000s\000e\000m\000e\000n\000t\000\137\000v\000i\000c\000t\000o\000i\000r\000e\000s\000\050\000c\000i\000r\000c\000u\000i\000t\000=\000"\000A\000T\000P\000"\000,\000\040\000n\000=\0002\0000\000\051}{section.10}% 77
\BOOKMARK [2][-]{subsection.10.4}{\376\377\000s\000t\000a\000t\000s\000\137\000j\000o\000u\000e\000u\000r\000\050\000p\000l\000a\000y\000e\000r\000\137\000n\000a\000m\000e\000,\000\040\000c\000i\000r\000c\000u\000i\000t\000=\000"\000A\000T\000P\000"\000\051}{section.10}% 78
\BOOKMARK [2][-]{subsection.10.5}{\376\377\000f\000i\000c\000h\000e\000\137\000j\000o\000u\000e\000u\000r\000\137\000t\000e\000n\000n\000i\000s\000\050\000n\000o\000m\000,\000\040\000c\000i\000r\000c\000u\000i\000t\000=\000"\000A\000T\000P\000"\000\051}{section.10}% 79
\BOOKMARK [2][-]{subsection.10.6}{\376\377\000l\000i\000s\000t\000e\000\137\000j\000o\000u\000e\000u\000r\000s\000\050\000c\000i\000r\000c\000u\000i\000t\000=\000"\000A\000T\000P\000"\000\051}{section.10}% 80
\BOOKMARK [2][-]{subsection.10.7}{\376\377\000\137\000c\000o\000m\000p\000t\000e\000r\000\137\000s\000e\000t\000s\000\050\000s\000c\000o\000r\000e\000\051}{section.10}% 81
\BOOKMARK [2][-]{subsection.10.8}{\376\377\000\137\000s\000t\000a\000n\000d\000a\000r\000d\000i\000s\000e\000r\000\137\000t\000e\000n\000n\000i\000s\000\050\000m\000a\000t\000c\000h\000e\000s\000,\000\040\000p\000l\000a\000y\000e\000r\000s\000,\000\040\000l\000a\000b\000e\000l\000\051}{section.10}% 82
\BOOKMARK [2][-]{subsection.10.9}{\376\377\000g\000e\000t\000\137\000a\000g\000e\000n\000d\000a\000\137\000d\000a\000t\000a\000\050\000\051}{section.10}% 83
\BOOKMARK [2][-]{subsection.10.10}{\376\377\000b\000r\000a\000c\000k\000e\000t\000\050\000t\000o\000u\000r\000n\000e\000y\000\137\000n\000a\000m\000e\000,\000\040\000c\000i\000r\000c\000u\000i\000t\000=\000"\000A\000T\000P\000"\000\051}{section.10}% 84
\BOOKMARK [1][-]{section.11}{\376\377\000v\000o\000l\000l\000e\000y\000b\000a\000l\000l\000.\000p\000y}{}% 85
\BOOKMARK [2][-]{subsection.11.1}{\376\377\000\137\000l\000o\000a\000d\000\050\000\051}{section.11}% 86
\BOOKMARK [2][-]{subsection.11.2}{\376\377\000\137\000m\000a\000t\000c\000h\000e\000s\000\050\000g\000e\000n\000r\000e\000\051\000\040\000/\000\040\000\137\000p\000l\000a\000y\000e\000r\000s\000\050\000g\000e\000n\000r\000e\000\051\000\040\000/\000\040\000\137\000c\000o\000u\000n\000t\000r\000y\000\137\000n\000a\000m\000e\000\050\000c\000o\000d\000e\000\051}{section.11}% 87
\BOOKMARK [2][-]{subsection.11.3}{\376\377\000c\000l\000a\000s\000s\000e\000m\000e\000n\000t\000\050\000g\000e\000n\000r\000e\000=\000"\000h\000o\000m\000m\000e\000s\000"\000\051}{section.11}% 88
\BOOKMARK [2][-]{subsection.11.4}{\376\377\000b\000i\000l\000a\000n\000\137\000e\000q\000u\000i\000p\000e\000\050\000t\000e\000a\000m\000\137\000c\000o\000d\000e\000,\000\040\000g\000e\000n\000r\000e\000=\000"\000h\000o\000m\000m\000e\000s\000"\000\051}{section.11}% 89
\BOOKMARK [2][-]{subsection.11.5}{\376\377\000r\000o\000s\000t\000e\000r\000\137\000e\000q\000u\000i\000p\000e\000\050\000t\000e\000a\000m\000\137\000c\000o\000d\000e\000,\000\040\000g\000e\000n\000r\000e\000=\000"\000h\000o\000m\000m\000e\000s\000"\000\051}{section.11}% 90
\BOOKMARK [2][-]{subsection.11.6}{\376\377\000f\000i\000c\000h\000e\000\137\000j\000o\000u\000e\000u\000r\000\137\000v\000o\000l\000l\000e\000y\000b\000a\000l\000l\000\050\000n\000o\000m\000,\000\040\000g\000e\000n\000r\000e\000=\000"\000h\000o\000m\000m\000e\000s\000"\000\051}{section.11}% 91
\BOOKMARK [2][-]{subsection.11.7}{\376\377\000l\000i\000s\000t\000e\000\137\000j\000o\000u\000e\000u\000r\000s\000\050\000g\000e\000n\000r\000e\000=\000"\000h\000o\000m\000m\000e\000s\000"\000,\000\040\000e\000q\000u\000i\000p\000e\000=\000N\000o\000n\000e\000\051}{section.11}% 92
\BOOKMARK [2][-]{subsection.11.8}{\376\377\000g\000e\000t\000\137\000a\000g\000e\000n\000d\000a\000\137\000d\000a\000t\000a\000\050\000\051}{section.11}% 93
\BOOKMARK [2][-]{subsection.11.9}{\376\377\000c\000l\000a\000s\000s\000e\000m\000e\000n\000t\000\137\000g\000r\000o\000u\000p\000e\000s\000\050\000g\000e\000n\000r\000e\000=\000"\000h\000o\000m\000m\000e\000s\000"\000,\000\040\000t\000o\000p\000\137\000q\000u\000a\000l\000i\000f\000i\000e\000s\000=\0002\000\051}{section.11}% 94
\BOOKMARK [1][-]{section.12}{\376\377\000S\000y\000n\000t\000h\000\350\000s\000e\000\040\000d\000e\000s\000\040\000p\000a\000t\000t\000e\000r\000n\000s\000\040\000c\000o\000m\000m\000u\000n\000s}{}% 95
