\BOOKMARK [1][-]{section.1}{\376\377\000A\000r\000c\000h\000i\000t\000e\000c\000t\000u\000r\000e\000\040\000g\000\351\000n\000\351\000r\000a\000l\000e}{}% 1
\BOOKMARK [1][-]{section.2}{\376\377\000B\000a\000s\000e\000L\000o\000a\000d\000e\000r\000\040\040\024\000\040\000C\000l\000a\000s\000s\000e\000\040\000m\000\350\000r\000e\000\040\000a\000b\000s\000t\000r\000a\000i\000t\000e}{}% 2
\BOOKMARK [2][-]{subsection.2.1}{\376\377\000A\000t\000t\000r\000i\000b\000u\000t\000s\000\040\000d\000e\000\040\000c\000l\000a\000s\000s\000e}{section.2}% 3
\BOOKMARK [2][-]{subsection.2.2}{\376\377\000P\000r\000o\000p\000r\000i\000\351\000t\000\351\000\040\000r\000o\000o\000t}{section.2}% 4
\BOOKMARK [2][-]{subsection.2.3}{\376\377\000M\000\351\000t\000h\000o\000d\000e\000\040\000\137\000l\000o\000a\000d\000\137\000c\000s\000v\000\050\000f\000i\000l\000e\000n\000a\000m\000e\000,\000\040\000d\000t\000y\000p\000e\000,\000\040\000d\000a\000t\000e\000\137\000c\000o\000l\000s\000\051}{section.2}% 5
\BOOKMARK [1][-]{section.3}{\376\377\000B\000a\000d\000m\000i\000n\000t\000o\000n\000L\000o\000a\000d\000e\000r}{}% 6
\BOOKMARK [2][-]{subsection.3.1}{\376\377\000l\000o\000a\000d\000\137\000p\000l\000a\000y\000e\000r\000s\000\050\000\051}{section.3}% 7
\BOOKMARK [2][-]{subsection.3.2}{\376\377\000l\000o\000a\000d\000\137\000m\000a\000t\000c\000h\000e\000s\000\050\000\051}{section.3}% 8
\BOOKMARK [2][-]{subsection.3.3}{\376\377\000l\000o\000a\000d\000\137\000a\000l\000l\000\050\000\051}{section.3}% 9
\BOOKMARK [1][-]{section.4}{\376\377\000B\000a\000s\000k\000e\000t\000b\000a\000l\000l\000L\000o\000a\000d\000e\000r}{}% 10
\BOOKMARK [2][-]{subsection.4.1}{\376\377\000l\000o\000a\000d\000\137\000p\000l\000a\000y\000e\000r\000s\000\050\000\051}{section.4}% 11
\BOOKMARK [2][-]{subsection.4.2}{\376\377\000l\000o\000a\000d\000\137\000t\000e\000a\000m\000s\000\050\000\051}{section.4}% 12
\BOOKMARK [2][-]{subsection.4.3}{\376\377\000l\000o\000a\000d\000\137\000m\000a\000t\000c\000h\000e\000s\000\050\000\051}{section.4}% 13
\BOOKMARK [2][-]{subsection.4.4}{\376\377\000l\000o\000a\000d\000\137\000a\000l\000l\000\050\000\051}{section.4}% 14
\BOOKMARK [2][-]{subsection.4.5}{\376\377\000g\000e\000t\000\137\000t\000e\000a\000m\000\137\000r\000o\000s\000t\000e\000r\000\050\000p\000l\000a\000y\000e\000r\000s\000,\000\040\000t\000e\000a\000m\000s\000,\000\040\000t\000e\000a\000m\000\137\000n\000a\000m\000e\000\051}{section.4}% 15
\BOOKMARK [2][-]{subsection.4.6}{\376\377\000\137\000h\000e\000i\000g\000h\000t\000\137\000t\000o\000\137\000c\000m\000\050\000h\000e\000i\000g\000h\000t\000\137\000s\000t\000r\000\051}{section.4}% 16
\BOOKMARK [1][-]{section.5}{\376\377\000C\000h\000e\000s\000s\000L\000o\000a\000d\000e\000r}{}% 17
\BOOKMARK [2][-]{subsection.5.1}{\376\377\000l\000o\000a\000d\000\137\000p\000l\000a\000y\000e\000r\000s\000\050\000\051}{section.5}% 18
\BOOKMARK [2][-]{subsection.5.2}{\376\377\000l\000o\000a\000d\000\137\000m\000a\000t\000c\000h\000e\000s\000\050\000\051}{section.5}% 19
\BOOKMARK [2][-]{subsection.5.3}{\376\377\000l\000o\000a\000d\000\137\000a\000l\000l\000\050\000\051}{section.5}% 20
\BOOKMARK [1][-]{section.6}{\376\377\000C\000s\0002\000L\000o\000a\000d\000e\000r}{}% 21
\BOOKMARK [2][-]{subsection.6.1}{\376\377\000l\000o\000a\000d\000\137\000p\000l\000a\000y\000e\000r\000s\000\050\000\051}{section.6}% 22
\BOOKMARK [2][-]{subsection.6.2}{\376\377\000l\000o\000a\000d\000\137\000c\000o\000a\000c\000h\000e\000s\000\050\000\051}{section.6}% 23
\BOOKMARK [2][-]{subsection.6.3}{\376\377\000l\000o\000a\000d\000\137\000t\000e\000a\000m\000s\000\050\000\051}{section.6}% 24
\BOOKMARK [2][-]{subsection.6.4}{\376\377\000l\000o\000a\000d\000\137\000m\000a\000t\000c\000h\000e\000s\000\050\000\051}{section.6}% 25
\BOOKMARK [2][-]{subsection.6.5}{\376\377\000l\000o\000a\000d\000\137\000a\000l\000l\000\050\000\051}{section.6}% 26
\BOOKMARK [1][-]{section.7}{\376\377\000F\000o\000o\000t\000b\000a\000l\000l\000L\000o\000a\000d\000e\000r}{}% 27
\BOOKMARK [2][-]{subsection.7.1}{\376\377\000l\000o\000a\000d\000\137\000c\000o\000u\000n\000t\000r\000i\000e\000s\000\050\000\051}{section.7}% 28
\BOOKMARK [2][-]{subsection.7.2}{\376\377\000l\000o\000a\000d\000\137\000l\000e\000a\000g\000u\000e\000s\000\050\000\051}{section.7}% 29
\BOOKMARK [2][-]{subsection.7.3}{\376\377\000l\000o\000a\000d\000\137\000t\000e\000a\000m\000s\000\050\000\051}{section.7}% 30
\BOOKMARK [2][-]{subsection.7.4}{\376\377\000l\000o\000a\000d\000\137\000p\000l\000a\000y\000e\000r\000s\000\050\000\051}{section.7}% 31
\BOOKMARK [2][-]{subsection.7.5}{\376\377\000l\000o\000a\000d\000\137\000m\000a\000t\000c\000h\000e\000s\000\050\000\051}{section.7}% 32
\BOOKMARK [2][-]{subsection.7.6}{\376\377\000l\000o\000a\000d\000\137\000a\000l\000l\000\050\000\051}{section.7}% 33
\BOOKMARK [1][-]{section.8}{\376\377\000F\000o\000o\000t\000b\000a\000l\000l\000C\000h\000a\000m\000p\000i\000o\000n\000s\000L\000e\000a\000g\000u\000e\000L\000o\000a\000d\000e\000r}{}% 34
\BOOKMARK [2][-]{subsection.8.1}{\376\377\000l\000o\000a\000d\000\137\000p\000l\000a\000y\000e\000r\000s\000\050\000\051}{section.8}% 35
\BOOKMARK [2][-]{subsection.8.2}{\376\377\000l\000o\000a\000d\000\137\000t\000e\000a\000m\000s\000\050\000\051}{section.8}% 36
\BOOKMARK [2][-]{subsection.8.3}{\376\377\000l\000o\000a\000d\000\137\000m\000a\000t\000c\000h\000e\000s\000\050\000\051}{section.8}% 37
\BOOKMARK [2][-]{subsection.8.4}{\376\377\000l\000o\000a\000d\000\137\000a\000l\000l\000\050\000\051}{section.8}% 38
\BOOKMARK [1][-]{section.9}{\376\377\000L\000o\000l\000L\000o\000a\000d\000e\000r}{}% 39
\BOOKMARK [2][-]{subsection.9.1}{\376\377\000l\000o\000a\000d\000\137\000p\000l\000a\000y\000e\000r\000s\000\050\000\051}{section.9}% 40
\BOOKMARK [2][-]{subsection.9.2}{\376\377\000l\000o\000a\000d\000\137\000c\000o\000a\000c\000h\000e\000s\000\050\000\051}{section.9}% 41
\BOOKMARK [2][-]{subsection.9.3}{\376\377\000l\000o\000a\000d\000\137\000t\000e\000a\000m\000s\000\050\000\051}{section.9}% 42
\BOOKMARK [2][-]{subsection.9.4}{\376\377\000l\000o\000a\000d\000\137\000m\000a\000t\000c\000h\000e\000s\000\050\000\051}{section.9}% 43
\BOOKMARK [2][-]{subsection.9.5}{\376\377\000l\000o\000a\000d\000\137\000a\000l\000l\000\050\000\051}{section.9}% 44
\BOOKMARK [1][-]{section.10}{\376\377\000S\000t\000a\000r\000c\000r\000a\000f\000t\0002\000L\000o\000a\000d\000e\000r}{}% 45
\BOOKMARK [2][-]{subsection.10.1}{\376\377\000l\000o\000a\000d\000\137\000p\000l\000a\000y\000e\000r\000s\000\050\000\051}{section.10}% 46
\BOOKMARK [2][-]{subsection.10.2}{\376\377\000l\000o\000a\000d\000\137\000m\000a\000t\000c\000h\000e\000s\000\050\000\051}{section.10}% 47
\BOOKMARK [2][-]{subsection.10.3}{\376\377\000l\000o\000a\000d\000\137\000a\000l\000l\000\050\000\051}{section.10}% 48
\BOOKMARK [1][-]{section.11}{\376\377\000T\000e\000n\000n\000i\000s\000L\000o\000a\000d\000e\000r}{}% 49
\BOOKMARK [2][-]{subsection.11.1}{\376\377\000l\000o\000a\000d\000\137\000a\000t\000p\000\137\000p\000l\000a\000y\000e\000r\000s\000\050\000\051\000\040\000/\000\040\000l\000o\000a\000d\000\137\000w\000t\000a\000\137\000p\000l\000a\000y\000e\000r\000s\000\050\000\051}{section.11}% 50
\BOOKMARK [2][-]{subsection.11.2}{\376\377\000l\000o\000a\000d\000\137\000a\000t\000p\000\137\000m\000a\000t\000c\000h\000e\000s\000\050\000\051\000\040\000/\000\040\000l\000o\000a\000d\000\137\000w\000t\000a\000\137\000m\000a\000t\000c\000h\000e\000s\000\050\000\051}{section.11}% 51
\BOOKMARK [2][-]{subsection.11.3}{\376\377\000l\000o\000a\000d\000\137\000a\000l\000l\000\050\000\051}{section.11}% 52
\BOOKMARK [2][-]{subsection.11.4}{\376\377\000\137\000p\000a\000r\000s\000e\000\137\000d\000o\000b\000\050\000s\000e\000r\000i\000e\000s\000\051}{section.11}% 53
\BOOKMARK [2][-]{subsection.11.5}{\376\377\000\137\000p\000a\000r\000s\000e\000\137\000t\000o\000u\000r\000n\000e\000y\000\137\000d\000a\000t\000e\000\050\000s\000e\000r\000i\000e\000s\000\051}{section.11}% 54
\BOOKMARK [1][-]{section.12}{\376\377\000V\000o\000l\000l\000e\000y\000b\000a\000l\000l\000L\000o\000a\000d\000e\000r}{}% 55
\BOOKMARK [2][-]{subsection.12.1}{\376\377\000l\000o\000a\000d\000\137\000c\000o\000u\000n\000t\000r\000i\000e\000s\000\050\000\051}{section.12}% 56
\BOOKMARK [2][-]{subsection.12.2}{\376\377\000l\000o\000a\000d\000\137\000p\000l\000a\000y\000e\000r\000s\000\137\000m\000e\000n\000\050\000\051\000\040\000/\000\040\000l\000o\000a\000d\000\137\000p\000l\000a\000y\000e\000r\000s\000\137\000w\000o\000m\000e\000n\000\050\000\051}{section.12}% 57
\BOOKMARK [2][-]{subsection.12.3}{\376\377\000l\000o\000a\000d\000\137\000c\000o\000a\000c\000h\000e\000s\000\137\000m\000e\000n\000\050\000\051\000\040\000/\000\040\000l\000o\000a\000d\000\137\000c\000o\000a\000c\000h\000e\000s\000\137\000w\000o\000m\000e\000n\000\050\000\051}{section.12}% 58
\BOOKMARK [2][-]{subsection.12.4}{\376\377\000l\000o\000a\000d\000\137\000m\000a\000t\000c\000h\000e\000s\000\137\000m\000e\000n\000\050\000\051}{section.12}% 59
\BOOKMARK [2][-]{subsection.12.5}{\376\377\000l\000o\000a\000d\000\137\000m\000a\000t\000c\000h\000e\000s\000\137\000w\000o\000m\000e\000n\000\050\000\051}{section.12}% 60
\BOOKMARK [2][-]{subsection.12.6}{\376\377\000l\000o\000a\000d\000\137\000a\000l\000l\000\050\000\051}{section.12}% 61
\BOOKMARK [1][-]{section.13}{\376\377\000S\000y\000n\000t\000h\000\350\000s\000e\000\040\000d\000e\000s\000\040\000c\000h\000o\000i\000x\000\040\000a\000r\000c\000h\000i\000t\000e\000c\000t\000u\000r\000a\000u\000x}{}% 62
